Listening for transport dt_socket at address: 8000
10:27:37,089 INFO  ~ Starting /home/mumoshu/Sandbox/play-scala-lobby-example
10:27:37,093 INFO  ~ Module scala is available (/home/mumoshu/Library/Play/play-1.2.x/modules/scala-0.9.x)
10:27:39,260 INFO  ~ Scala support is active
10:27:39,261 INFO  ~ Precompiling ...
10:27:47,449 ERROR ~ Cannot start in PROD mode with errors
java.lang.StackOverflowError
	at scala.tools.nsc.typechecker.Typers$Typer.typed1(Typers.scala:3839)
	at scala.tools.nsc.transform.Erasure$Eraser.liftedTree1$1(Erasure.scala:663)
	at scala.tools.nsc.transform.Erasure$Eraser.typed1(Erasure.scala:662)
	at scala.tools.nsc.typechecker.Typers$Typer.typed(Typers.scala:4203)
	at scala.tools.nsc.typechecker.Typers$Typer.typedQualifier(Typers.scala:4271)
	at scala.tools.nsc.typechecker.Typers$Typer.typedQualifier(Typers.scala:4279)
	at scala.tools.nsc.transform.Erasure$Eraser.adaptMember(Erasure.scala:624)
	at scala.tools.nsc.transform.Erasure$Eraser.liftedTree1$1(Erasure.scala:663)
	at scala.tools.nsc.transform.Erasure$Eraser.typed1(Erasure.scala:662)
	at scala.tools.nsc.typechecker.Typers$Typer.typed(Typers.scala:4203)
	at scala.tools.nsc.typechecker.Typers$Typer$$anonfun$typedApply$1$1.apply(Typers.scala:3362)
	at scala.tools.nsc.typechecker.Typers$Typer$$anonfun$typedApply$1$1.apply(Typers.scala:3362)
	at scala.tools.nsc.typechecker.Typers$Typer.silent(Typers.scala:722)
	at scala.tools.nsc.typechecker.Typers$Typer.typedApply$1(Typers.scala:3362)
	at scala.tools.nsc.typechecker.Typers$Typer.typed1(Typers.scala:4049)
	at scala.tools.nsc.transform.Erasure$Eraser.liftedTree1$1(Erasure.scala:663)
	at scala.tools.nsc.transform.Erasure$Eraser.typed1(Erasure.scala:662)
	at scala.tools.nsc.typechecker.Typers$Typer.typed(Typers.scala:4203)
	at scala.tools.nsc.typechecker.Typers$Typer.typedQualifier(Typers.scala:4271)
	at scala.tools.nsc.typechecker.Typers$Typer.typedQualifier(Typers.scala:4279)
	at scala.tools.nsc.transform.Erasure$Eraser.adaptMember(Erasure.scala:624)
	at scala.tools.nsc.transform.Erasure$Eraser.liftedTree1$1(Erasure.scala:663)
	at scala.tools.nsc.transform.Erasure$Eraser.typed1(Erasure.scala:662)
	at scala.tools.nsc.typechecker.Typers$Typer.typed(Typers.scala:4203)
	at scala.tools.nsc.typechecker.Typers$Typer$$anonfun$typedApply$1$1.apply(Typers.scala:3362)
	at scala.tools.nsc.typechecker.Typers$Typer$$anonfun$typedApply$1$1.apply(Typers.scala:3362)
	at scala.tools.nsc.typechecker.Typers$Typer.silent(Typers.scala:722)
	at scala.tools.nsc.typechecker.Typers$Typer.typedApply$1(Typers.scala:3362)
	at scala.tools.nsc.typechecker.Typers$Typer.typed1(Typers.scala:4049)
	at scala.tools.nsc.transform.Erasure$Eraser.liftedTree1$1(Erasure.scala:663)
	at scala.tools.nsc.transform.Erasure$Eraser.typed1(Erasure.scala:662)
	at scala.tools.nsc.typechecker.Typers$Typer.typed(Typers.scala:4203)
	at scala.tools.nsc.typechecker.Typers$Typer.typedQualifier(Typers.scala:4271)
	at scala.tools.nsc.typechecker.Typers$Typer.typedQualifier(Typers.scala:4279)
	at scala.tools.nsc.transform.Erasure$Eraser.adaptMember(Erasure.scala:624)
	at scala.tools.nsc.transform.Erasure$Eraser.liftedTree1$1(Erasure.scala:663)
	at scala.tools.nsc.transform.Erasure$Eraser.typed1(Erasure.scala:662)
	at scala.tools.nsc.typechecker.Typers$Typer.typed(Typers.scala:4203)
	at scala.tools.nsc.typechecker.Typers$Typer$$anonfun$typedApply$1$1.apply(Typers.scala:3362)
	at scala.tools.nsc.typechecker.Typers$Typer$$anonfun$typedApply$1$1.apply(Typers.scala:3362)
	at scala.tools.nsc.typechecker.Typers$Typer.silent(Typers.scala:722)
	at scala.tools.nsc.typechecker.Typers$Typer.typedApply$1(Typers.scala:3362)
	at scala.tools.nsc.typechecker.Typers$Typer.typed1(Typers.scala:4049)
	at scala.tools.nsc.transform.Erasure$Eraser.liftedTree1$1(Erasure.scala:663)
	at scala.tools.nsc.transform.Erasure$Eraser.typed1(Erasure.scala:662)
	at scala.tools.nsc.typechecker.Typers$Typer.typed(Typers.scala:4203)
	at scala.tools.nsc.typechecker.Typers$Typer.typedQualifier(Typers.scala:4271)
	at scala.tools.nsc.typechecker.Typers$Typer.typedQualifier(Typers.scala:4279)
	at scala.tools.nsc.transform.Erasure$Eraser.adaptMember(Erasure.scala:624)
	at scala.tools.nsc.transform.Erasure$Eraser.liftedTree1$1(Erasure.scala:663)
	at scala.tools.nsc.transform.Erasure$Eraser.typed1(Erasure.scala:662)
	at scala.tools.nsc.typechecker.Typers$Typer.typed(Typers.scala:4203)
	at scala.tools.nsc.typechecker.Typers$Typer$$anonfun$typedApply$1$1.apply(Typers.scala:3362)
	at scala.tools.nsc.typechecker.Typers$Typer$$anonfun$typedApply$1$1.apply(Typers.scala:3362)
	at scala.tools.nsc.typechecker.Typers$Typer.silent(Typers.scala:722)
	at scala.tools.nsc.typechecker.Typers$Typer.typedApply$1(Typers.scala:3362)
	at scala.tools.nsc.typechecker.Typers$Typer.typed1(Typers.scala:4049)
	at scala.tools.nsc.transform.Erasure$Eraser.liftedTree1$1(Erasure.scala:663)
	at scala.tools.nsc.transform.Erasure$Eraser.typed1(Erasure.scala:662)
	at scala.tools.nsc.typechecker.Typers$Typer.typed(Typers.scala:4203)
	at scala.tools.nsc.typechecker.Typers$Typer.typedQualifier(Typers.scala:4271)
	at scala.tools.nsc.typechecker.Typers$Typer.typedQualifier(Typers.scala:4279)
	at scala.tools.nsc.transform.Erasure$Eraser.adaptMember(Erasure.scala:624)
	at scala.tools.nsc.transform.Erasure$Eraser.liftedTree1$1(Erasure.scala:663)
	at scala.tools.nsc.transform.Erasure$Eraser.typed1(Erasure.scala:662)
	at scala.tools.nsc.typechecker.Typers$Typer.typed(Typers.scala:4203)
	at scala.tools.nsc.typechecker.Typers$Typer$$anonfun$typedApply$1$1.apply(Typers.scala:3362)
	at scala.tools.nsc.typechecker.Typers$Typer$$anonfun$typedApply$1$1.apply(Typers.scala:3362)
	at scala.tools.nsc.typechecker.Typers$Typer.silent(Typers.scala:722)
	at scala.tools.nsc.typechecker.Typers$Typer.typedApply$1(Typers.scala:3362)
	at scala.tools.nsc.typechecker.Typers$Typer.typed1(Typers.scala:4049)
	at scala.tools.nsc.transform.Erasure$Eraser.liftedTree1$1(Erasure.scala:663)
	at scala.tools.nsc.transform.Erasure$Eraser.typed1(Erasure.scala:662)
	at scala.tools.nsc.typechecker.Typers$Typer.typed(Typers.scala:4203)
	at scala.tools.nsc.typechecker.Typers$Typer.typedQualifier(Typers.scala:4271)
	at scala.tools.nsc.typechecker.Typers$Typer.typedQualifier(Typers.scala:4279)
	at scala.tools.nsc.transform.Erasure$Eraser.adaptMember(Erasure.scala:624)
	at scala.tools.nsc.transform.Erasure$Eraser.liftedTree1$1(Erasure.scala:663)
	at scala.tools.nsc.transform.Erasure$Eraser.typed1(Erasure.scala:662)
	at scala.tools.nsc.typechecker.Typers$Typer.typed(Typers.scala:4203)
	at scala.tools.nsc.typechecker.Typers$Typer$$anonfun$typedApply$1$1.apply(Typers.scala:3362)
	at scala.tools.nsc.typechecker.Typers$Typer$$anonfun$typedApply$1$1.apply(Typers.scala:3362)
	at scala.tools.nsc.typechecker.Typers$Typer.silent(Typers.scala:722)
	at scala.tools.nsc.typechecker.Typers$Typer.typedApply$1(Typers.scala:3362)
	at scala.tools.nsc.typechecker.Typers$Typer.typed1(Typers.scala:4049)
	at scala.tools.nsc.transform.Erasure$Eraser.liftedTree1$1(Erasure.scala:663)
	at scala.tools.nsc.transform.Erasure$Eraser.typed1(Erasure.scala:662)
	at scala.tools.nsc.typechecker.Typers$Typer.typed(Typers.scala:4203)
	at scala.tools.nsc.typechecker.Typers$Typer.typedQualifier(Typers.scala:4271)
	at scala.tools.nsc.typechecker.Typers$Typer.typedQualifier(Typers.scala:4279)
	at scala.tools.nsc.transform.Erasure$Eraser.adaptMember(Erasure.scala:624)
	at scala.tools.nsc.transform.Erasure$Eraser.liftedTree1$1(Erasure.scala:663)
	at scala.tools.nsc.transform.Erasure$Eraser.typed1(Erasure.scala:662)
	at scala.tools.nsc.typechecker.Typers$Typer.typed(Typers.scala:4203)
	at scala.tools.nsc.typechecker.Typers$Typer$$anonfun$typedApply$1$1.apply(Typers.scala:3362)
	at scala.tools.nsc.typechecker.Typers$Typer$$anonfun$typedApply$1$1.apply(Typers.scala:3362)
	at scala.tools.nsc.typechecker.Typers$Typer.silent(Typers.scala:722)
	at scala.tools.nsc.typechecker.Typers$Typer.typedApply$1(Typers.scala:3362)
	at scala.tools.nsc.typechecker.Typers$Typer.typed1(Typers.scala:4049)
	at scala.tools.nsc.transform.Erasure$Eraser.liftedTree1$1(Erasure.scala:663)
	at scala.tools.nsc.transform.Erasure$Eraser.typed1(Erasure.scala:662)
	at scala.tools.nsc.typechecker.Typers$Typer.typed(Typers.scala:4203)
	at scala.tools.nsc.typechecker.Typers$Typer.typedQualifier(Typers.scala:4271)
	at scala.tools.nsc.typechecker.Typers$Typer.typedQualifier(Typers.scala:4279)
	at scala.tools.nsc.transform.Erasure$Eraser.adaptMember(Erasure.scala:624)
	at scala.tools.nsc.transform.Erasure$Eraser.liftedTree1$1(Erasure.scala:663)
	at scala.tools.nsc.transform.Erasure$Eraser.typed1(Erasure.scala:662)
	at scala.tools.nsc.typechecker.Typers$Typer.typed(Typers.scala:4203)
	at scala.tools.nsc.typechecker.Typers$Typer$$anonfun$typedApply$1$1.apply(Typers.scala:3362)
	at scala.tools.nsc.typechecker.Typers$Typer$$anonfun$typedApply$1$1.apply(Typers.scala:3362)
	at scala.tools.nsc.typechecker.Typers$Typer.silent(Typers.scala:722)
	at scala.tools.nsc.typechecker.Typers$Typer.typedApply$1(Typers.scala:3362)
	at scala.tools.nsc.typechecker.Typers$Typer.typed1(Typers.scala:4049)
	at scala.tools.nsc.transform.Erasure$Eraser.liftedTree1$1(Erasure.scala:663)
	at scala.tools.nsc.transform.Erasure$Eraser.typed1(Erasure.scala:662)
	at scala.tools.nsc.typechecker.Typers$Typer.typed(Typers.scala:4203)
	at scala.tools.nsc.typechecker.Typers$Typer.typedQualifier(Typers.scala:4271)
	at scala.tools.nsc.typechecker.Typers$Typer.typedQualifier(Typers.scala:4279)
	at scala.tools.nsc.transform.Erasure$Eraser.adaptMember(Erasure.scala:624)
	at scala.tools.nsc.transform.Erasure$Eraser.liftedTree1$1(Erasure.scala:663)
	at scala.tools.nsc.transform.Erasure$Eraser.typed1(Erasure.scala:662)
	at scala.tools.nsc.typechecker.Typers$Typer.typed(Typers.scala:4203)
	at scala.tools.nsc.typechecker.Typers$Typer$$anonfun$typedApply$1$1.apply(Typers.scala:3362)
	at scala.tools.nsc.typechecker.Typers$Typer$$anonfun$typedApply$1$1.apply(Typers.scala:3362)
	at scala.tools.nsc.typechecker.Typers$Typer.silent(Typers.scala:722)
	at scala.tools.nsc.typechecker.Typers$Typer.typedApply$1(Typers.scala:3362)
	at scala.tools.nsc.typechecker.Typers$Typer.typed1(Typers.scala:4049)
	at scala.tools.nsc.transform.Erasure$Eraser.liftedTree1$1(Erasure.scala:663)
	at scala.tools.nsc.transform.Erasure$Eraser.typed1(Erasure.scala:662)
	at scala.tools.nsc.typechecker.Typers$Typer.typed(Typers.scala:4203)
	at scala.tools.nsc.typechecker.Typers$Typer.typedQualifier(Typers.scala:4271)
	at scala.tools.nsc.typechecker.Typers$Typer.typedQualifier(Typers.scala:4279)
	at scala.tools.nsc.transform.Erasure$Eraser.adaptMember(Erasure.scala:624)
	at scala.tools.nsc.transform.Erasure$Eraser.liftedTree1$1(Erasure.scala:663)
	at scala.tools.nsc.transform.Erasure$Eraser.typed1(Erasure.scala:662)
	at scala.tools.nsc.typechecker.Typers$Typer.typed(Typers.scala:4203)
	at scala.tools.nsc.typechecker.Typers$Typer$$anonfun$typedApply$1$1.apply(Typers.scala:3362)
	at scala.tools.nsc.typechecker.Typers$Typer$$anonfun$typedApply$1$1.apply(Typers.scala:3362)
	at scala.tools.nsc.typechecker.Typers$Typer.silent(Typers.scala:722)
	at scala.tools.nsc.typechecker.Typers$Typer.typedApply$1(Typers.scala:3362)
	at scala.tools.nsc.typechecker.Typers$Typer.typed1(Typers.scala:4049)
	at scala.tools.nsc.transform.Erasure$Eraser.liftedTree1$1(Erasure.scala:663)
	at scala.tools.nsc.transform.Erasure$Eraser.typed1(Erasure.scala:662)
	at scala.tools.nsc.typechecker.Typers$Typer.typed(Typers.scala:4203)
	at scala.tools.nsc.typechecker.Typers$Typer.typedQualifier(Typers.scala:4271)
	at scala.tools.nsc.typechecker.Typers$Typer.typedQualifier(Typers.scala:4279)
	at scala.tools.nsc.transform.Erasure$Eraser.adaptMember(Erasure.scala:624)
	at scala.tools.nsc.transform.Erasure$Eraser.liftedTree1$1(Erasure.scala:663)
	at scala.tools.nsc.transform.Erasure$Eraser.typed1(Erasure.scala:662)
	at scala.tools.nsc.typechecker.Typers$Typer.typed(Typers.scala:4203)
	at scala.tools.nsc.typechecker.Typers$Typer$$anonfun$typedApply$1$1.apply(Typers.scala:3362)
	at scala.tools.nsc.typechecker.Typers$Typer$$anonfun$typedApply$1$1.apply(Typers.scala:3362)
	at scala.tools.nsc.typechecker.Typers$Typer.silent(Typers.scala:722)
	at scala.tools.nsc.typechecker.Typers$Typer.typedApply$1(Typers.scala:3362)
	at scala.tools.nsc.typechecker.Typers$Typer.typed1(Typers.scala:4049)
	at scala.tools.nsc.transform.Erasure$Eraser.liftedTree1$1(Erasure.scala:663)
	at scala.tools.nsc.transform.Erasure$Eraser.typed1(Erasure.scala:662)
	at scala.tools.nsc.typechecker.Typers$Typer.typed(Typers.scala:4203)
	at scala.tools.nsc.typechecker.Typers$Typer.typedQualifier(Typers.scala:4271)
	at scala.tools.nsc.typechecker.Typers$Typer.typedQualifier(Typers.scala:4279)
	at scala.tools.nsc.transform.Erasure$Eraser.adaptMember(Erasure.scala:624)
	at scala.tools.nsc.transform.Erasure$Eraser.liftedTree1$1(Erasure.scala:663)
	at scala.tools.nsc.transform.Erasure$Eraser.typed1(Erasure.scala:662)
	at scala.tools.nsc.typechecker.Typers$Typer.typed(Typers.scala:4203)
	at scala.tools.nsc.typechecker.Typers$Typer$$anonfun$typedApply$1$1.apply(Typers.scala:3362)
	at scala.tools.nsc.typechecker.Typers$Typer$$anonfun$typedApply$1$1.apply(Typers.scala:3362)
	at scala.tools.nsc.typechecker.Typers$Typer.silent(Typers.scala:722)
	at scala.tools.nsc.typechecker.Typers$Typer.typedApply$1(Typers.scala:3362)
	at scala.tools.nsc.typechecker.Typers$Typer.typed1(Typers.scala:4049)
	at scala.tools.nsc.transform.Erasure$Eraser.liftedTree1$1(Erasure.scala:663)
	at scala.tools.nsc.transform.Erasure$Eraser.typed1(Erasure.scala:662)
	at scala.tools.nsc.typechecker.Typers$Typer.typed(Typers.scala:4203)
	at scala.tools.nsc.typechecker.Typers$Typer.typedQualifier(Typers.scala:4271)
	at scala.tools.nsc.typechecker.Typers$Typer.typedQualifier(Typers.scala:4279)
	at scala.tools.nsc.transform.Erasure$Eraser.adaptMember(Erasure.scala:624)
	at scala.tools.nsc.transform.Erasure$Eraser.liftedTree1$1(Erasure.scala:663)
	at scala.tools.nsc.transform.Erasure$Eraser.typed1(Erasure.scala:662)
	at scala.tools.nsc.typechecker.Typers$Typer.typed(Typers.scala:4203)
	at scala.tools.nsc.typechecker.Typers$Typer$$anonfun$typedApply$1$1.apply(Typers.scala:3362)
	at scala.tools.nsc.typechecker.Typers$Typer$$anonfun$typedApply$1$1.apply(Typers.scala:3362)
	at scala.tools.nsc.typechecker.Typers$Typer.silent(Typers.scala:722)
	at scala.tools.nsc.typechecker.Typers$Typer.typedApply$1(Typers.scala:3362)
	at scala.tools.nsc.typechecker.Typers$Typer.typed1(Typers.scala:4049)
	at scala.tools.nsc.transform.Erasure$Eraser.liftedTree1$1(Erasure.scala:663)
	at scala.tools.nsc.transform.Erasure$Eraser.typed1(Erasure.scala:662)
	at scala.tools.nsc.typechecker.Typers$Typer.typed(Typers.scala:4203)
	at scala.tools.nsc.typechecker.Typers$Typer.typedQualifier(Typers.scala:4271)
	at scala.tools.nsc.typechecker.Typers$Typer.typedQualifier(Typers.scala:4279)
	at scala.tools.nsc.transform.Erasure$Eraser.adaptMember(Erasure.scala:624)
	at scala.tools.nsc.transform.Erasure$Eraser.liftedTree1$1(Erasure.scala:663)
	at scala.tools.nsc.transform.Erasure$Eraser.typed1(Erasure.scala:662)
	at scala.tools.nsc.typechecker.Typers$Typer.typed(Typers.scala:4203)
	at scala.tools.nsc.typechecker.Typers$Typer$$anonfun$typedApply$1$1.apply(Typers.scala:3362)
	at scala.tools.nsc.typechecker.Typers$Typer$$anonfun$typedApply$1$1.apply(Typers.scala:3362)
	at scala.tools.nsc.typechecker.Typers$Typer.silent(Typers.scala:722)
	at scala.tools.nsc.typechecker.Typers$Typer.typedApply$1(Typers.scala:3362)
	at scala.tools.nsc.typechecker.Typers$Typer.typed1(Typers.scala:4049)
	at scala.tools.nsc.transform.Erasure$Eraser.liftedTree1$1(Erasure.scala:663)
	at scala.tools.nsc.transform.Erasure$Eraser.typed1(Erasure.scala:662)
	at scala.tools.nsc.typechecker.Typers$Typer.typed(Typers.scala:4203)
	at scala.tools.nsc.typechecker.Typers$Typer.typedQualifier(Typers.scala:4271)
	at scala.tools.nsc.typechecker.Typers$Typer.typedQualifier(Typers.scala:4279)
	at scala.tools.nsc.transform.Erasure$Eraser.adaptMember(Erasure.scala:624)
	at scala.tools.nsc.transform.Erasure$Eraser.liftedTree1$1(Erasure.scala:663)
	at scala.tools.nsc.transform.Erasure$Eraser.typed1(Erasure.scala:662)
	at scala.tools.nsc.typechecker.Typers$Typer.typed(Typers.scala:4203)
	at scala.tools.nsc.typechecker.Typers$Typer$$anonfun$typedApply$1$1.apply(Typers.scala:3362)
	at scala.tools.nsc.typechecker.Typers$Typer$$anonfun$typedApply$1$1.apply(Typers.scala:3362)
	at scala.tools.nsc.typechecker.Typers$Typer.silent(Typers.scala:722)
	at scala.tools.nsc.typechecker.Typers$Typer.typedApply$1(Typers.scala:3362)
	at scala.tools.nsc.typechecker.Typers$Typer.typed1(Typers.scala:4049)
	at scala.tools.nsc.transform.Erasure$Eraser.liftedTree1$1(Erasure.scala:663)
	at scala.tools.nsc.transform.Erasure$Eraser.typed1(Erasure.scala:662)
	at scala.tools.nsc.typechecker.Typers$Typer.typed(Typers.scala:4203)
	at scala.tools.nsc.typechecker.Typers$Typer.typedQualifier(Typers.scala:4271)
	at scala.tools.nsc.typechecker.Typers$Typer.typedQualifier(Typers.scala:4279)
	at scala.tools.nsc.transform.Erasure$Eraser.adaptMember(Erasure.scala:624)
	at scala.tools.nsc.transform.Erasure$Eraser.liftedTree1$1(Erasure.scala:663)
	at scala.tools.nsc.transform.Erasure$Eraser.typed1(Erasure.scala:662)
	at scala.tools.nsc.typechecker.Typers$Typer.typed(Typers.scala:4203)
	at scala.tools.nsc.typechecker.Typers$Typer$$anonfun$typedApply$1$1.apply(Typers.scala:3362)
	at scala.tools.nsc.typechecker.Typers$Typer$$anonfun$typedApply$1$1.apply(Typers.scala:3362)
	at scala.tools.nsc.typechecker.Typers$Typer.silent(Typers.scala:722)
	at scala.tools.nsc.typechecker.Typers$Typer.typedApply$1(Typers.scala:3362)
	at scala.tools.nsc.typechecker.Typers$Typer.typed1(Typers.scala:4049)
	at scala.tools.nsc.transform.Erasure$Eraser.liftedTree1$1(Erasure.scala:663)
	at scala.tools.nsc.transform.Erasure$Eraser.typed1(Erasure.scala:662)
	at scala.tools.nsc.typechecker.Typers$Typer.typed(Typers.scala:4203)
	at scala.tools.nsc.typechecker.Typers$Typer.typedQualifier(Typers.scala:4271)
	at scala.tools.nsc.typechecker.Typers$Typer.typedQualifier(Typers.scala:4279)
	at scala.tools.nsc.transform.Erasure$Eraser.adaptMember(Erasure.scala:624)
	at scala.tools.nsc.transform.Erasure$Eraser.liftedTree1$1(Erasure.scala:663)
	at scala.tools.nsc.transform.Erasure$Eraser.typed1(Erasure.scala:662)
	at scala.tools.nsc.typechecker.Typers$Typer.typed(Typers.scala:4203)
	at scala.tools.nsc.typechecker.Typers$Typer$$anonfun$typedApply$1$1.apply(Typers.scala:3362)
	at scala.tools.nsc.typechecker.Typers$Typer$$anonfun$typedApply$1$1.apply(Typers.scala:3362)
	at scala.tools.nsc.typechecker.Typers$Typer.silent(Typers.scala:722)
	at scala.tools.nsc.typechecker.Typers$Typer.typedApply$1(Typers.scala:3362)
	at scala.tools.nsc.typechecker.Typers$Typer.typed1(Typers.scala:4049)
	at scala.tools.nsc.transform.Erasure$Eraser.liftedTree1$1(Erasure.scala:663)
	at scala.tools.nsc.transform.Erasure$Eraser.typed1(Erasure.scala:662)
	at scala.tools.nsc.typechecker.Typers$Typer.typed(Typers.scala:4203)
	at scala.tools.nsc.typechecker.Typers$Typer.typedQualifier(Typers.scala:4271)
	at scala.tools.nsc.typechecker.Typers$Typer.typedQualifier(Typers.scala:4279)
	at scala.tools.nsc.transform.Erasure$Eraser.adaptMember(Erasure.scala:624)
	at scala.tools.nsc.transform.Erasure$Eraser.liftedTree1$1(Erasure.scala:663)
	at scala.tools.nsc.transform.Erasure$Eraser.typed1(Erasure.scala:662)
	at scala.tools.nsc.typechecker.Typers$Typer.typed(Typers.scala:4203)
	at scala.tools.nsc.typechecker.Typers$Typer$$anonfun$typedApply$1$1.apply(Typers.scala:3362)
	at scala.tools.nsc.typechecker.Typers$Typer$$anonfun$typedApply$1$1.apply(Typers.scala:3362)
	at scala.tools.nsc.typechecker.Typers$Typer.silent(Typers.scala:722)
	at scala.tools.nsc.typechecker.Typers$Typer.typedApply$1(Typers.scala:3362)
	at scala.tools.nsc.typechecker.Typers$Typer.typed1(Typers.scala:4049)
	at scala.tools.nsc.transform.Erasure$Eraser.liftedTree1$1(Erasure.scala:663)
	at scala.tools.nsc.transform.Erasure$Eraser.typed1(Erasure.scala:662)
	at scala.tools.nsc.typechecker.Typers$Typer.typed(Typers.scala:4203)
	at scala.tools.nsc.typechecker.Typers$Typer.typedQualifier(Typers.scala:4271)
	at scala.tools.nsc.typechecker.Typers$Typer.typedQualifier(Typers.scala:4279)
	at scala.tools.nsc.transform.Erasure$Eraser.adaptMember(Erasure.scala:624)
	at scala.tools.nsc.transform.Erasure$Eraser.liftedTree1$1(Erasure.scala:663)
	at scala.tools.nsc.transform.Erasure$Eraser.typed1(Erasure.scala:662)
	at scala.tools.nsc.typechecker.Typers$Typer.typed(Typers.scala:4203)
	at scala.tools.nsc.typechecker.Typers$Typer$$anonfun$typedApply$1$1.apply(Typers.scala:3362)
	at scala.tools.nsc.typechecker.Typers$Typer$$anonfun$typedApply$1$1.apply(Typers.scala:3362)
	at scala.tools.nsc.typechecker.Typers$Typer.silent(Typers.scala:722)
	at scala.tools.nsc.typechecker.Typers$Typer.typedApply$1(Typers.scala:3362)
	at scala.tools.nsc.typechecker.Typers$Typer.typed1(Typers.scala:4049)
	at scala.tools.nsc.transform.Erasure$Eraser.liftedTree1$1(Erasure.scala:663)
	at scala.tools.nsc.transform.Erasure$Eraser.typed1(Erasure.scala:662)
	at scala.tools.nsc.typechecker.Typers$Typer.typed(Typers.scala:4203)
	at scala.tools.nsc.typechecker.Typers$Typer.typedQualifier(Typers.scala:4271)
	at scala.tools.nsc.typechecker.Typers$Typer.typedQualifier(Typers.scala:4279)
	at scala.tools.nsc.transform.Erasure$Eraser.adaptMember(Erasure.scala:624)
	at scala.tools.nsc.transform.Erasure$Eraser.liftedTree1$1(Erasure.scala:663)
	at scala.tools.nsc.transform.Erasure$Eraser.typed1(Erasure.scala:662)
	at scala.tools.nsc.typechecker.Typers$Typer.typed(Typers.scala:4203)
	at scala.tools.nsc.typechecker.Typers$Typer$$anonfun$typedApply$1$1.apply(Typers.scala:3362)
	at scala.tools.nsc.typechecker.Typers$Typer$$anonfun$typedApply$1$1.apply(Typers.scala:3362)
	at scala.tools.nsc.typechecker.Typers$Typer.silent(Typers.scala:722)
	at scala.tools.nsc.typechecker.Typers$Typer.typedApply$1(Typers.scala:3362)
	at scala.tools.nsc.typechecker.Typers$Typer.typed1(Typers.scala:4049)
	at scala.tools.nsc.transform.Erasure$Eraser.liftedTree1$1(Erasure.scala:663)
	at scala.tools.nsc.transform.Erasure$Eraser.typed1(Erasure.scala:662)
	at scala.tools.nsc.typechecker.Typers$Typer.typed(Typers.scala:4203)
	at scala.tools.nsc.typechecker.Typers$Typer.typedQualifier(Typers.scala:4271)
	at scala.tools.nsc.typechecker.Typers$Typer.typedQualifier(Typers.scala:4279)
	at scala.tools.nsc.transform.Erasure$Eraser.adaptMember(Erasure.scala:624)
	at scala.tools.nsc.transform.Erasure$Eraser.liftedTree1$1(Erasure.scala:663)
	at scala.tools.nsc.transform.Erasure$Eraser.typed1(Erasure.scala:662)
	at scala.tools.nsc.typechecker.Typers$Typer.typed(Typers.scala:4203)
	at scala.tools.nsc.typechecker.Typers$Typer$$anonfun$typedApply$1$1.apply(Typers.scala:3362)
	at scala.tools.nsc.typechecker.Typers$Typer$$anonfun$typedApply$1$1.apply(Typers.scala:3362)
	at scala.tools.nsc.typechecker.Typers$Typer.silent(Typers.scala:722)
	at scala.tools.nsc.typechecker.Typers$Typer.typedApply$1(Typers.scala:3362)
	at scala.tools.nsc.typechecker.Typers$Typer.typed1(Typers.scala:4049)
	at scala.tools.nsc.transform.Erasure$Eraser.liftedTree1$1(Erasure.scala:663)
	at scala.tools.nsc.transform.Erasure$Eraser.typed1(Erasure.scala:662)
	at scala.tools.nsc.typechecker.Typers$Typer.typed(Typers.scala:4203)
	at scala.tools.nsc.typechecker.Typers$Typer.typedQualifier(Typers.scala:4271)
	at scala.tools.nsc.typechecker.Typers$Typer.typedQualifier(Typers.scala:4279)
	at scala.tools.nsc.transform.Erasure$Eraser.adaptMember(Erasure.scala:624)
	at scala.tools.nsc.transform.Erasure$Eraser.liftedTree1$1(Erasure.scala:663)
	at scala.tools.nsc.transform.Erasure$Eraser.typed1(Erasure.scala:662)
	at scala.tools.nsc.typechecker.Typers$Typer.typed(Typers.scala:4203)
	at scala.tools.nsc.typechecker.Typers$Typer$$anonfun$typedApply$1$1.apply(Typers.scala:3362)
	at scala.tools.nsc.typechecker.Typers$Typer$$anonfun$typedApply$1$1.apply(Typers.scala:3362)
	at scala.tools.nsc.typechecker.Typers$Typer.silent(Typers.scala:722)
	at scala.tools.nsc.typechecker.Typers$Typer.typedApply$1(Typers.scala:3362)
	at scala.tools.nsc.typechecker.Typers$Typer.typed1(Typers.scala:4049)
	at scala.tools.nsc.transform.Erasure$Eraser.liftedTree1$1(Erasure.scala:663)
	at scala.tools.nsc.transform.Erasure$Eraser.typed1(Erasure.scala:662)
	at scala.tools.nsc.typechecker.Typers$Typer.typed(Typers.scala:4203)
	at scala.tools.nsc.typechecker.Typers$Typer.typedQualifier(Typers.scala:4271)
	at scala.tools.nsc.typechecker.Typers$Typer.typedQualifier(Typers.scala:4279)
	at scala.tools.nsc.transform.Erasure$Eraser.adaptMember(Erasure.scala:624)
	at scala.tools.nsc.transform.Erasure$Eraser.liftedTree1$1(Erasure.scala:663)
	at scala.tools.nsc.transform.Erasure$Eraser.typed1(Erasure.scala:662)
	at scala.tools.nsc.typechecker.Typers$Typer.typed(Typers.scala:4203)
	at scala.tools.nsc.typechecker.Typers$Typer$$anonfun$typedApply$1$1.apply(Typers.scala:3362)
	at scala.tools.nsc.typechecker.Typers$Typer$$anonfun$typedApply$1$1.apply(Typers.scala:3362)
	at scala.tools.nsc.typechecker.Typers$Typer.silent(Typers.scala:722)
	at scala.tools.nsc.typechecker.Typers$Typer.typedApply$1(Typers.scala:3362)
	at scala.tools.nsc.typechecker.Typers$Typer.typed1(Typers.scala:4049)
	at scala.tools.nsc.transform.Erasure$Eraser.liftedTree1$1(Erasure.scala:663)
	at scala.tools.nsc.transform.Erasure$Eraser.typed1(Erasure.scala:662)
	at scala.tools.nsc.typechecker.Typers$Typer.typed(Typers.scala:4203)
	at scala.tools.nsc.typechecker.Typers$Typer.typedQualifier(Typers.scala:4271)
	at scala.tools.nsc.typechecker.Typers$Typer.typedQualifier(Typers.scala:4279)
	at scala.tools.nsc.transform.Erasure$Eraser.adaptMember(Erasure.scala:624)
	at scala.tools.nsc.transform.Erasure$Eraser.liftedTree1$1(Erasure.scala:663)
	at scala.tools.nsc.transform.Erasure$Eraser.typed1(Erasure.scala:662)
	at scala.tools.nsc.typechecker.Typers$Typer.typed(Typers.scala:4203)
	at scala.tools.nsc.typechecker.Typers$Typer$$anonfun$typedApply$1$1.apply(Typers.scala:3362)
	at scala.tools.nsc.typechecker.Typers$Typer$$anonfun$typedApply$1$1.apply(Typers.scala:3362)
	at scala.tools.nsc.typechecker.Typers$Typer.silent(Typers.scala:722)
	at scala.tools.nsc.typechecker.Typers$Typer.typedApply$1(Typers.scala:3362)
	at scala.tools.nsc.typechecker.Typers$Typer.typed1(Typers.scala:4049)
	at scala.tools.nsc.transform.Erasure$Eraser.liftedTree1$1(Erasure.scala:663)
	at scala.tools.nsc.transform.Erasure$Eraser.typed1(Erasure.scala:662)
	at scala.tools.nsc.typechecker.Typers$Typer.typed(Typers.scala:4203)
	at scala.tools.nsc.typechecker.Typers$Typer.typedQualifier(Typers.scala:4271)
	at scala.tools.nsc.typechecker.Typers$Typer.typedQualifier(Typers.scala:4279)
	at scala.tools.nsc.transform.Erasure$Eraser.adaptMember(Erasure.scala:624)
	at scala.tools.nsc.transform.Erasure$Eraser.liftedTree1$1(Erasure.scala:663)
	at scala.tools.nsc.transform.Erasure$Eraser.typed1(Erasure.scala:662)
	at scala.tools.nsc.typechecker.Typers$Typer.typed(Typers.scala:4203)
	at scala.tools.nsc.typechecker.Typers$Typer$$anonfun$typedApply$1$1.apply(Typers.scala:3362)
	at scala.tools.nsc.typechecker.Typers$Typer$$anonfun$typedApply$1$1.apply(Typers.scala:3362)
	at scala.tools.nsc.typechecker.Typers$Typer.silent(Typers.scala:722)
	at scala.tools.nsc.typechecker.Typers$Typer.typedApply$1(Typers.scala:3362)
	at scala.tools.nsc.typechecker.Typers$Typer.typed1(Typers.scala:4049)
	at scala.tools.nsc.transform.Erasure$Eraser.liftedTree1$1(Erasure.scala:663)
	at scala.tools.nsc.transform.Erasure$Eraser.typed1(Erasure.scala:662)
	at scala.tools.nsc.typechecker.Typers$Typer.typed(Typers.scala:4203)
	at scala.tools.nsc.typechecker.Typers$Typer.typedQualifier(Typers.scala:4271)
	at scala.tools.nsc.typechecker.Typers$Typer.typedQualifier(Typers.scala:4279)
	at scala.tools.nsc.transform.Erasure$Eraser.adaptMember(Erasure.scala:624)
	at scala.tools.nsc.transform.Erasure$Eraser.liftedTree1$1(Erasure.scala:663)
	at scala.tools.nsc.transform.Erasure$Eraser.typed1(Erasure.scala:662)
	at scala.tools.nsc.typechecker.Typers$Typer.typed(Typers.scala:4203)
	at scala.tools.nsc.typechecker.Typers$Typer$$anonfun$typedApply$1$1.apply(Typers.scala:3362)
	at scala.tools.nsc.typechecker.Typers$Typer$$anonfun$typedApply$1$1.apply(Typers.scala:3362)
	at scala.tools.nsc.typechecker.Typers$Typer.silent(Typers.scala:722)
	at scala.tools.nsc.typechecker.Typers$Typer.typedApply$1(Typers.scala:3362)
	at scala.tools.nsc.typechecker.Typers$Typer.typed1(Typers.scala:4049)
	at scala.tools.nsc.transform.Erasure$Eraser.liftedTree1$1(Erasure.scala:663)
	at scala.tools.nsc.transform.Erasure$Eraser.typed1(Erasure.scala:662)
	at scala.tools.nsc.typechecker.Typers$Typer.typed(Typers.scala:4203)
	at scala.tools.nsc.typechecker.Typers$Typer.typedQualifier(Typers.scala:4271)
	at scala.tools.nsc.typechecker.Typers$Typer.typedQualifier(Typers.scala:4279)
	at scala.tools.nsc.transform.Erasure$Eraser.adaptMember(Erasure.scala:624)
	at scala.tools.nsc.transform.Erasure$Eraser.liftedTree1$1(Erasure.scala:663)
	at scala.tools.nsc.transform.Erasure$Eraser.typed1(Erasure.scala:662)
	at scala.tools.nsc.typechecker.Typers$Typer.typed(Typers.scala:4203)
	at scala.tools.nsc.typechecker.Typers$Typer$$anonfun$typedApply$1$1.apply(Typers.scala:3362)
	at scala.tools.nsc.typechecker.Typers$Typer$$anonfun$typedApply$1$1.apply(Typers.scala:3362)
	at scala.tools.nsc.typechecker.Typers$Typer.silent(Typers.scala:722)
	at scala.tools.nsc.typechecker.Typers$Typer.typedApply$1(Typers.scala:3362)
	at scala.tools.nsc.typechecker.Typers$Typer.typed1(Typers.scala:4049)
	at scala.tools.nsc.transform.Erasure$Eraser.liftedTree1$1(Erasure.scala:663)
	at scala.tools.nsc.transform.Erasure$Eraser.typed1(Erasure.scala:662)
	at scala.tools.nsc.typechecker.Typers$Typer.typed(Typers.scala:4203)
	at scala.tools.nsc.typechecker.Typers$Typer.typedQualifier(Typers.scala:4271)
	at scala.tools.nsc.typechecker.Typers$Typer.typedQualifier(Typers.scala:4279)
	at scala.tools.nsc.transform.Erasure$Eraser.adaptMember(Erasure.scala:624)
	at scala.tools.nsc.transform.Erasure$Eraser.liftedTree1$1(Erasure.scala:663)
	at scala.tools.nsc.transform.Erasure$Eraser.typed1(Erasure.scala:662)
	at scala.tools.nsc.typechecker.Typers$Typer.typed(Typers.scala:4203)
	at scala.tools.nsc.typechecker.Typers$Typer$$anonfun$typedApply$1$1.apply(Typers.scala:3362)
	at scala.tools.nsc.typechecker.Typers$Typer$$anonfun$typedApply$1$1.apply(Typers.scala:3362)
	at scala.tools.nsc.typechecker.Typers$Typer.silent(Typers.scala:722)
	at scala.tools.nsc.typechecker.Typers$Typer.typedApply$1(Typers.scala:3362)
	at scala.tools.nsc.typechecker.Typers$Typer.typed1(Typers.scala:4049)
	at scala.tools.nsc.transform.Erasure$Eraser.liftedTree1$1(Erasure.scala:663)
	at scala.tools.nsc.transform.Erasure$Eraser.typed1(Erasure.scala:662)
	at scala.tools.nsc.typechecker.Typers$Typer.typed(Typers.scala:4203)
	at scala.tools.nsc.typechecker.Typers$Typer.typedQualifier(Typers.scala:4271)
	at scala.tools.nsc.typechecker.Typers$Typer.typedQualifier(Typers.scala:4279)
	at scala.tools.nsc.transform.Erasure$Eraser.adaptMember(Erasure.scala:624)
	at scala.tools.nsc.transform.Erasure$Eraser.liftedTree1$1(Erasure.scala:663)
	at scala.tools.nsc.transform.Erasure$Eraser.typed1(Erasure.scala:662)
	at scala.tools.nsc.typechecker.Typers$Typer.typed(Typers.scala:4203)
	at scala.tools.nsc.typechecker.Typers$Typer$$anonfun$typedApply$1$1.apply(Typers.scala:3362)
	at scala.tools.nsc.typechecker.Typers$Typer$$anonfun$typedApply$1$1.apply(Typers.scala:3362)
	at scala.tools.nsc.typechecker.Typers$Typer.silent(Typers.scala:722)
	at scala.tools.nsc.typechecker.Typers$Typer.typedApply$1(Typers.scala:3362)
	at scala.tools.nsc.typechecker.Typers$Typer.typed1(Typers.scala:4049)
	at scala.tools.nsc.transform.Erasure$Eraser.liftedTree1$1(Erasure.scala:663)
	at scala.tools.nsc.transform.Erasure$Eraser.typed1(Erasure.scala:662)
	at scala.tools.nsc.typechecker.Typers$Typer.typed(Typers.scala:4203)
	at scala.tools.nsc.typechecker.Typers$Typer.typedQualifier(Typers.scala:4271)
	at scala.tools.nsc.typechecker.Typers$Typer.typedQualifier(Typers.scala:4279)
	at scala.tools.nsc.transform.Erasure$Eraser.adaptMember(Erasure.scala:624)
	at scala.tools.nsc.transform.Erasure$Eraser.liftedTree1$1(Erasure.scala:663)
	at scala.tools.nsc.transform.Erasure$Eraser.typed1(Erasure.scala:662)
	at scala.tools.nsc.typechecker.Typers$Typer.typed(Typers.scala:4203)
	at scala.tools.nsc.typechecker.Typers$Typer$$anonfun$typedApply$1$1.apply(Typers.scala:3362)
	at scala.tools.nsc.typechecker.Typers$Typer$$anonfun$typedApply$1$1.apply(Typers.scala:3362)
	at scala.tools.nsc.typechecker.Typers$Typer.silent(Typers.scala:722)
	at scala.tools.nsc.typechecker.Typers$Typer.typedApply$1(Typers.scala:3362)
	at scala.tools.nsc.typechecker.Typers$Typer.typed1(Typers.scala:4049)
	at scala.tools.nsc.transform.Erasure$Eraser.liftedTree1$1(Erasure.scala:663)
	at scala.tools.nsc.transform.Erasure$Eraser.typed1(Erasure.scala:662)
	at scala.tools.nsc.typechecker.Typers$Typer.typed(Typers.scala:4203)
	at scala.tools.nsc.typechecker.Typers$Typer.typedQualifier(Typers.scala:4271)
	at scala.tools.nsc.typechecker.Typers$Typer.typedQualifier(Typers.scala:4279)
	at scala.tools.nsc.transform.Erasure$Eraser.adaptMember(Erasure.scala:624)
	at scala.tools.nsc.transform.Erasure$Eraser.liftedTree1$1(Erasure.scala:663)
	at scala.tools.nsc.transform.Erasure$Eraser.typed1(Erasure.scala:662)
	at scala.tools.nsc.typechecker.Typers$Typer.typed(Typers.scala:4203)
	at scala.tools.nsc.typechecker.Typers$Typer$$anonfun$typedApply$1$1.apply(Typers.scala:3362)
	at scala.tools.nsc.typechecker.Typers$Typer$$anonfun$typedApply$1$1.apply(Typers.scala:3362)
	at scala.tools.nsc.typechecker.Typers$Typer.silent(Typers.scala:722)
	at scala.tools.nsc.typechecker.Typers$Typer.typedApply$1(Typers.scala:3362)
	at scala.tools.nsc.typechecker.Typers$Typer.typed1(Typers.scala:4049)
	at scala.tools.nsc.transform.Erasure$Eraser.liftedTree1$1(Erasure.scala:663)
	at scala.tools.nsc.transform.Erasure$Eraser.typed1(Erasure.scala:662)
	at scala.tools.nsc.typechecker.Typers$Typer.typed(Typers.scala:4203)
	at scala.tools.nsc.typechecker.Typers$Typer.typedQualifier(Typers.scala:4271)
	at scala.tools.nsc.typechecker.Typers$Typer.typedQualifier(Typers.scala:4279)
	at scala.tools.nsc.transform.Erasure$Eraser.adaptMember(Erasure.scala:624)
	at scala.tools.nsc.transform.Erasure$Eraser.liftedTree1$1(Erasure.scala:663)
	at scala.tools.nsc.transform.Erasure$Eraser.typed1(Erasure.scala:662)
	at scala.tools.nsc.typechecker.Typers$Typer.typed(Typers.scala:4203)
	at scala.tools.nsc.typechecker.Typers$Typer$$anonfun$typedApply$1$1.apply(Typers.scala:3362)
	at scala.tools.nsc.typechecker.Typers$Typer$$anonfun$typedApply$1$1.apply(Typers.scala:3362)
	at scala.tools.nsc.typechecker.Typers$Typer.silent(Typers.scala:722)
	at scala.tools.nsc.typechecker.Typers$Typer.typedApply$1(Typers.scala:3362)
	at scala.tools.nsc.typechecker.Typers$Typer.typed1(Typers.scala:4049)
	at scala.tools.nsc.transform.Erasure$Eraser.liftedTree1$1(Erasure.scala:663)
	at scala.tools.nsc.transform.Erasure$Eraser.typed1(Erasure.scala:662)
	at scala.tools.nsc.typechecker.Typers$Typer.typed(Typers.scala:4203)
	at scala.tools.nsc.typechecker.Typers$Typer.typedQualifier(Typers.scala:4271)
	at scala.tools.nsc.typechecker.Typers$Typer.typedQualifier(Typers.scala:4279)
	at scala.tools.nsc.transform.Erasure$Eraser.adaptMember(Erasure.scala:624)
	at scala.tools.nsc.transform.Erasure$Eraser.liftedTree1$1(Erasure.scala:663)
	at scala.tools.nsc.transform.Erasure$Eraser.typed1(Erasure.scala:662)
	at scala.tools.nsc.typechecker.Typers$Typer.typed(Typers.scala:4203)
	at scala.tools.nsc.typechecker.Typers$Typer$$anonfun$typedApply$1$1.apply(Typers.scala:3362)
	at scala.tools.nsc.typechecker.Typers$Typer$$anonfun$typedApply$1$1.apply(Typers.scala:3362)
	at scala.tools.nsc.typechecker.Typers$Typer.silent(Typers.scala:722)
	at scala.tools.nsc.typechecker.Typers$Typer.typedApply$1(Typers.scala:3362)
	at scala.tools.nsc.typechecker.Typers$Typer.typed1(Typers.scala:4049)
	at scala.tools.nsc.transform.Erasure$Eraser.liftedTree1$1(Erasure.scala:663)
	at scala.tools.nsc.transform.Erasure$Eraser.typed1(Erasure.scala:662)
	at scala.tools.nsc.typechecker.Typers$Typer.typed(Typers.scala:4203)
	at scala.tools.nsc.typechecker.Typers$Typer.typedQualifier(Typers.scala:4271)
	at scala.tools.nsc.typechecker.Typers$Typer.typedQualifier(Typers.scala:4279)
	at scala.tools.nsc.transform.Erasure$Eraser.adaptMember(Erasure.scala:624)
	at scala.tools.nsc.transform.Erasure$Eraser.liftedTree1$1(Erasure.scala:663)
	at scala.tools.nsc.transform.Erasure$Eraser.typed1(Erasure.scala:662)
	at scala.tools.nsc.typechecker.Typers$Typer.typed(Typers.scala:4203)
	at scala.tools.nsc.typechecker.Typers$Typer$$anonfun$typedApply$1$1.apply(Typers.scala:3362)
	at scala.tools.nsc.typechecker.Typers$Typer$$anonfun$typedApply$1$1.apply(Typers.scala:3362)
	at scala.tools.nsc.typechecker.Typers$Typer.silent(Typers.scala:722)
	at scala.tools.nsc.typechecker.Typers$Typer.typedApply$1(Typers.scala:3362)
	at scala.tools.nsc.typechecker.Typers$Typer.typed1(Typers.scala:4049)
	at scala.tools.nsc.transform.Erasure$Eraser.liftedTree1$1(Erasure.scala:663)
	at scala.tools.nsc.transform.Erasure$Eraser.typed1(Erasure.scala:662)
	at scala.tools.nsc.typechecker.Typers$Typer.typed(Typers.scala:4203)
	at scala.tools.nsc.typechecker.Typers$Typer.typedQualifier(Typers.scala:4271)
	at scala.tools.nsc.typechecker.Typers$Typer.typedQualifier(Typers.scala:4279)
	at scala.tools.nsc.transform.Erasure$Eraser.adaptMember(Erasure.scala:624)
	at scala.tools.nsc.transform.Erasure$Eraser.liftedTree1$1(Erasure.scala:663)
	at scala.tools.nsc.transform.Erasure$Eraser.typed1(Erasure.scala:662)
	at scala.tools.nsc.typechecker.Typers$Typer.typed(Typers.scala:4203)
	at scala.tools.nsc.typechecker.Typers$Typer$$anonfun$typedApply$1$1.apply(Typers.scala:3362)
	at scala.tools.nsc.typechecker.Typers$Typer$$anonfun$typedApply$1$1.apply(Typers.scala:3362)
	at scala.tools.nsc.typechecker.Typers$Typer.silent(Typers.scala:722)
	at scala.tools.nsc.typechecker.Typers$Typer.typedApply$1(Typers.scala:3362)
	at scala.tools.nsc.typechecker.Typers$Typer.typed1(Typers.scala:4049)
	at scala.tools.nsc.transform.Erasure$Eraser.liftedTree1$1(Erasure.scala:663)
	at scala.tools.nsc.transform.Erasure$Eraser.typed1(Erasure.scala:662)
	at scala.tools.nsc.typechecker.Typers$Typer.typed(Typers.scala:4203)
	at scala.tools.nsc.typechecker.Typers$Typer.typedQualifier(Typers.scala:4271)
	at scala.tools.nsc.typechecker.Typers$Typer.typedQualifier(Typers.scala:4279)
	at scala.tools.nsc.transform.Erasure$Eraser.adaptMember(Erasure.scala:624)
	at scala.tools.nsc.transform.Erasure$Eraser.liftedTree1$1(Erasure.scala:663)
	at scala.tools.nsc.transform.Erasure$Eraser.typed1(Erasure.scala:662)
	at scala.tools.nsc.typechecker.Typers$Typer.typed(Typers.scala:4203)
	at scala.tools.nsc.typechecker.Typers$Typer$$anonfun$typedApply$1$1.apply(Typers.scala:3362)
	at scala.tools.nsc.typechecker.Typers$Typer$$anonfun$typedApply$1$1.apply(Typers.scala:3362)
	at scala.tools.nsc.typechecker.Typers$Typer.silent(Typers.scala:722)
	at scala.tools.nsc.typechecker.Typers$Typer.typedApply$1(Typers.scala:3362)
	at scala.tools.nsc.typechecker.Typers$Typer.typed1(Typers.scala:4049)
	at scala.tools.nsc.transform.Erasure$Eraser.liftedTree1$1(Erasure.scala:663)
	at scala.tools.nsc.transform.Erasure$Eraser.typed1(Erasure.scala:662)
	at scala.tools.nsc.typechecker.Typers$Typer.typed(Typers.scala:4203)
	at scala.tools.nsc.typechecker.Typers$Typer.transformedOrTyped(Typers.scala:4348)
	at scala.tools.nsc.typechecker.Typers$Typer.typedDefDef(Typers.scala:1789)
	at scala.tools.nsc.typechecker.Typers$Typer.typed1(Typers.scala:3862)
	at scala.tools.nsc.transform.Erasure$Eraser.liftedTree1$1(Erasure.scala:663)
	at scala.tools.nsc.transform.Erasure$Eraser.typed1(Erasure.scala:662)
	at scala.tools.nsc.typechecker.Typers$Typer.typed(Typers.scala:4203)
	at scala.tools.nsc.typechecker.Typers$Typer.typedStat$1(Typers.scala:2128)
	at scala.tools.nsc.typechecker.Typers$Typer$$anonfun$20.apply(Typers.scala:2196)
	at scala.tools.nsc.typechecker.Typers$Typer$$anonfun$20.apply(Typers.scala:2196)
	at scala.collection.immutable.List.loop$1(List.scala:115)
	at scala.collection.immutable.List.mapConserve(List.scala:132)
	at scala.tools.nsc.typechecker.Typers$Typer.typedStats(Typers.scala:2196)
	at scala.tools.nsc.typechecker.Typers$Typer.typedTemplate(Typers.scala:1549)
	at scala.tools.nsc.typechecker.Typers$Typer.typedClassDef(Typers.scala:1311)
	at scala.tools.nsc.typechecker.Typers$Typer.typed1(Typers.scala:3853)
	at scala.tools.nsc.transform.Erasure$Eraser.liftedTree1$1(Erasure.scala:663)
	at scala.tools.nsc.transform.Erasure$Eraser.typed1(Erasure.scala:662)
	at scala.tools.nsc.typechecker.Typers$Typer.typed(Typers.scala:4203)
	at scala.tools.nsc.typechecker.Typers$Typer.typedStat$1(Typers.scala:2128)
	at scala.tools.nsc.typechecker.Typers$Typer$$anonfun$20.apply(Typers.scala:2196)
	at scala.tools.nsc.typechecker.Typers$Typer$$anonfun$20.apply(Typers.scala:2196)
	at scala.collection.immutable.List.loop$1(List.scala:115)
	at scala.collection.immutable.List.mapConserve(List.scala:132)
	at scala.tools.nsc.typechecker.Typers$Typer.typedStats(Typers.scala:2196)
	at scala.tools.nsc.typechecker.Typers$Typer.typedBlock(Typers.scala:1948)
	at scala.tools.nsc.typechecker.Typers$Typer.typed1(Typers.scala:3894)
	at scala.tools.nsc.transform.Erasure$Eraser.liftedTree1$1(Erasure.scala:663)
	at scala.tools.nsc.transform.Erasure$Eraser.typed1(Erasure.scala:662)
	at scala.tools.nsc.typechecker.Typers$Typer.typed(Typers.scala:4203)
	at scala.tools.nsc.typechecker.Typers$Typer.typedArg(Typers.scala:2202)
	at scala.tools.nsc.typechecker.Typers$Typer$$anonfun$typedArgs$3.apply(Typers.scala:2212)
	at scala.tools.nsc.typechecker.Typers$Typer$$anonfun$typedArgs$3.apply(Typers.scala:2211)
	at scala.collection.TraversableLike$$anonfun$map$1.apply(TraversableLike.scala:206)
	at scala.collection.TraversableLike$$anonfun$map$1.apply(TraversableLike.scala:206)
	at scala.collection.LinearSeqOptimized$class.foreach(LinearSeqOptimized.scala:61)
	at scala.collection.immutable.List.foreach(List.scala:45)
	at scala.collection.TraversableLike$class.map(TraversableLike.scala:206)
	at scala.collection.immutable.List.map(List.scala:45)
	at scala.tools.nsc.typechecker.Typers$Typer.typedArgs(Typers.scala:2211)
	at scala.tools.nsc.typechecker.Typers$Typer.doTypedApply(Typers.scala:2425)
	at scala.tools.nsc.typechecker.Typers$Typer.typedApply$1(Typers.scala:3380)
	at scala.tools.nsc.typechecker.Typers$Typer.typed1(Typers.scala:4049)
	at scala.tools.nsc.transform.Erasure$Eraser.liftedTree1$1(Erasure.scala:663)
	at scala.tools.nsc.transform.Erasure$Eraser.typed1(Erasure.scala:662)
	at scala.tools.nsc.typechecker.Typers$Typer.typed(Typers.scala:4203)
	at scala.tools.nsc.typechecker.Typers$Typer.typedArg(Typers.scala:2202)
	at scala.tools.nsc.typechecker.Typers$Typer$$anonfun$typedArgs$3.apply(Typers.scala:2212)
	at scala.tools.nsc.typechecker.Typers$Typer$$anonfun$typedArgs$3.apply(Typers.scala:2211)
	at scala.collection.TraversableLike$$anonfun$map$1.apply(TraversableLike.scala:206)
	at scala.collection.TraversableLike$$anonfun$map$1.apply(TraversableLike.scala:206)
	at scala.collection.LinearSeqOptimized$class.foreach(LinearSeqOptimized.scala:61)
	at scala.collection.immutable.List.foreach(List.scala:45)
	at scala.collection.TraversableLike$class.map(TraversableLike.scala:206)
	at scala.collection.immutable.List.map(List.scala:45)
	at scala.tools.nsc.typechecker.Typers$Typer.typedArgs(Typers.scala:2211)
	at scala.tools.nsc.typechecker.Typers$Typer.doTypedApply(Typers.scala:2425)
	at scala.tools.nsc.typechecker.Typers$Typer.typedApply$1(Typers.scala:3380)
	at scala.tools.nsc.typechecker.Typers$Typer.typed1(Typers.scala:4049)
	at scala.tools.nsc.transform.Erasure$Eraser.liftedTree1$1(Erasure.scala:663)
	at scala.tools.nsc.transform.Erasure$Eraser.typed1(Erasure.scala:662)
	at scala.tools.nsc.typechecker.Typers$Typer.typed(Typers.scala:4203)
	at scala.tools.nsc.typechecker.Typers$Typer.typedArg(Typers.scala:2202)
	at scala.tools.nsc.typechecker.Typers$Typer$$anonfun$typedArgs$3.apply(Typers.scala:2212)
	at scala.tools.nsc.typechecker.Typers$Typer$$anonfun$typedArgs$3.apply(Typers.scala:2211)
	at scala.collection.TraversableLike$$anonfun$map$1.apply(TraversableLike.scala:206)
	at scala.collection.TraversableLike$$anonfun$map$1.apply(TraversableLike.scala:206)
	at scala.collection.LinearSeqOptimized$class.foreach(LinearSeqOptimized.scala:61)
	at scala.collection.immutable.List.foreach(List.scala:45)
	at scala.collection.TraversableLike$class.map(TraversableLike.scala:206)
	at scala.collection.immutable.List.map(List.scala:45)
	at scala.tools.nsc.typechecker.Typers$Typer.typedArgs(Typers.scala:2211)
	at scala.tools.nsc.typechecker.Typers$Typer.doTypedApply(Typers.scala:2425)
	at scala.tools.nsc.typechecker.Typers$Typer.typedApply$1(Typers.scala:3380)
	at scala.tools.nsc.typechecker.Typers$Typer.typed1(Typers.scala:4049)
	at scala.tools.nsc.transform.Erasure$Eraser.liftedTree1$1(Erasure.scala:663)
	at scala.tools.nsc.transform.Erasure$Eraser.typed1(Erasure.scala:662)
	at scala.tools.nsc.typechecker.Typers$Typer.typed(Typers.scala:4203)
	at scala.tools.nsc.typechecker.Typers$Typer.typedArg(Typers.scala:2202)
	at scala.tools.nsc.typechecker.Typers$Typer$$anonfun$typedArgs$3.apply(Typers.scala:2212)
	at scala.tools.nsc.typechecker.Typers$Typer$$anonfun$typedArgs$3.apply(Typers.scala:2211)
	at scala.collection.TraversableLike$$anonfun$map$1.apply(TraversableLike.scala:206)
	at scala.collection.TraversableLike$$anonfun$map$1.apply(TraversableLike.scala:206)
	at scala.collection.LinearSeqOptimized$class.foreach(LinearSeqOptimized.scala:61)
	at scala.collection.immutable.List.foreach(List.scala:45)
	at scala.collection.TraversableLike$class.map(TraversableLike.scala:206)
	at scala.collection.immutable.List.map(List.scala:45)
	at scala.tools.nsc.typechecker.Typers$Typer.typedArgs(Typers.scala:2211)
	at scala.tools.nsc.typechecker.Typers$Typer.doTypedApply(Typers.scala:2425)
	at scala.tools.nsc.typechecker.Typers$Typer.typedApply$1(Typers.scala:3380)
	at scala.tools.nsc.typechecker.Typers$Typer.typed1(Typers.scala:4049)
	at scala.tools.nsc.transform.Erasure$Eraser.liftedTree1$1(Erasure.scala:663)
	at scala.tools.nsc.transform.Erasure$Eraser.typed1(Erasure.scala:662)
	at scala.tools.nsc.typechecker.Typers$Typer.typed(Typers.scala:4203)
	at scala.tools.nsc.typechecker.Typers$Typer.typed(Typers.scala:4265)
	at scala.tools.nsc.typechecker.Typers$Typer.typed1(Typers.scala:3958)
	at scala.tools.nsc.transform.Erasure$Eraser.liftedTree1$1(Erasure.scala:663)
	at scala.tools.nsc.transform.Erasure$Eraser.typed1(Erasure.scala:662)
	at scala.tools.nsc.typechecker.Typers$Typer.typed(Typers.scala:4203)
	at scala.tools.nsc.typechecker.Typers$Typer.transformedOrTyped(Typers.scala:4348)
	at scala.tools.nsc.typechecker.Typers$Typer.typedDefDef(Typers.scala:1789)
	at scala.tools.nsc.typechecker.Typers$Typer.typed1(Typers.scala:3862)
	at scala.tools.nsc.transform.Erasure$Eraser.liftedTree1$1(Erasure.scala:663)
	at scala.tools.nsc.transform.Erasure$Eraser.typed1(Erasure.scala:662)
	at scala.tools.nsc.typechecker.Typers$Typer.typed(Typers.scala:4203)
	at scala.tools.nsc.typechecker.Typers$Typer.typedStat$1(Typers.scala:2128)
	at scala.tools.nsc.typechecker.Typers$Typer$$anonfun$20.apply(Typers.scala:2196)
	at scala.tools.nsc.typechecker.Typers$Typer$$anonfun$20.apply(Typers.scala:2196)
	at scala.collection.immutable.List.loop$1(List.scala:115)
	at scala.collection.immutable.List.mapConserve(List.scala:132)
	at scala.tools.nsc.typechecker.Typers$Typer.typedStats(Typers.scala:2196)
	at scala.tools.nsc.typechecker.Typers$Typer.typedTemplate(Typers.scala:1549)
	at scala.tools.nsc.typechecker.Typers$Typer.typedClassDef(Typers.scala:1311)
	at scala.tools.nsc.typechecker.Typers$Typer.typed1(Typers.scala:3853)
	at scala.tools.nsc.transform.Erasure$Eraser.liftedTree1$1(Erasure.scala:663)
	at scala.tools.nsc.transform.Erasure$Eraser.typed1(Erasure.scala:662)
	at scala.tools.nsc.typechecker.Typers$Typer.typed(Typers.scala:4203)
	at scala.tools.nsc.typechecker.Typers$Typer.typedStat$1(Typers.scala:2128)
	at scala.tools.nsc.typechecker.Typers$Typer$$anonfun$20.apply(Typers.scala:2196)
	at scala.tools.nsc.typechecker.Typers$Typer$$anonfun$20.apply(Typers.scala:2196)
	at scala.collection.immutable.List.loop$1(List.scala:115)
	at scala.collection.immutable.List.mapConserve(List.scala:132)
	at scala.tools.nsc.typechecker.Typers$Typer.typedStats(Typers.scala:2196)
	at scala.tools.nsc.typechecker.Typers$Typer.typed1(Typers.scala:3849)
	at scala.tools.nsc.transform.Erasure$Eraser.liftedTree1$1(Erasure.scala:663)
	at scala.tools.nsc.transform.Erasure$Eraser.typed1(Erasure.scala:662)
	at scala.tools.nsc.typechecker.Typers$Typer.typed(Typers.scala:4203)
	at scala.tools.nsc.typechecker.Typers$Typer.typed(Typers.scala:4252)
	at scala.tools.nsc.transform.Erasure$ErasureTransformer$$anonfun$transform$1.apply(Erasure.scala:1096)
	at scala.tools.nsc.transform.Erasure$ErasureTransformer$$anonfun$transform$1.apply(Erasure.scala:1093)
	at scala.tools.nsc.symtab.SymbolTable.atPhase(SymbolTable.scala:103)
	at scala.tools.nsc.transform.Erasure$ErasureTransformer.transform(Erasure.scala:1093)
	at scala.tools.nsc.ast.Trees$Transformer.transformUnit(Trees.scala:870)
	at scala.tools.nsc.transform.Transform$Phase.apply(Transform.scala:30)
	at scala.tools.nsc.Global$GlobalPhase$$anonfun$applyPhase$1.apply(Global.scala:282)
	at scala.tools.nsc.Global$GlobalPhase$$anonfun$applyPhase$1.apply(Global.scala:282)
	at scala.tools.nsc.reporters.Reporter.withSource(Reporter.scala:48)
	at scala.tools.nsc.Global$GlobalPhase.applyPhase(Global.scala:282)
	at scala.tools.nsc.Global$GlobalPhase$$anonfun$run$1.apply(Global.scala:256)
	at scala.tools.nsc.Global$GlobalPhase$$anonfun$run$1.apply(Global.scala:256)
	at scala.collection.Iterator$class.foreach(Iterator.scala:631)
	at scala.collection.mutable.ListBuffer$$anon$1.foreach(ListBuffer.scala:304)
	at scala.tools.nsc.Global$GlobalPhase.run(Global.scala:256)
	at scala.tools.nsc.Global$Run.compileSources(Global.scala:741)
	at scala.tools.nsc.Global$Run.compile(Global.scala:822)
	at xsbt.CompilerInterface.run(CompilerInterface.scala:87)
	at sun.reflect.NativeMethodAccessorImpl.invoke0(Native Method)
	at sun.reflect.NativeMethodAccessorImpl.invoke(NativeMethodAccessorImpl.java:39)
	at sun.reflect.DelegatingMethodAccessorImpl.invoke(DelegatingMethodAccessorImpl.java:25)
	at java.lang.reflect.Method.invoke(Method.java:597)
	at sbt.compiler.AnalyzingCompiler.call(AnalyzingCompiler.scala:57)
	at sbt.compiler.AnalyzingCompiler.compile(AnalyzingCompiler.scala:29)
	at sbt.compiler.AnalyzingCompiler.compile(AnalyzingCompiler.scala:25)
	at sbt.AggressiveCompile$$anonfun$5.compileScala$1(AggressiveCompile.scala:66)
	at sbt.AggressiveCompile$$anonfun$5.apply(AggressiveCompile.scala:78)
	at sbt.AggressiveCompile$$anonfun$5.apply(AggressiveCompile.scala:56)
	at sbt.inc.IncrementalCompile$$anonfun$doCompile$1.apply(Compile.scala:21)
	at sbt.inc.IncrementalCompile$$anonfun$doCompile$1.apply(Compile.scala:19)
	at sbt.inc.Incremental$.cycle(Incremental.scala:33)
	at sbt.inc.Incremental$.compile(Incremental.scala:20)
	at sbt.inc.IncrementalCompile$.apply(Compile.scala:17)
	at sbt.AggressiveCompile.compile2(AggressiveCompile.scala:86)
	at sbt.AggressiveCompile.compile1(AggressiveCompile.scala:37)
	at sbt.AggressiveCompile.apply(AggressiveCompile.scala:27)
	at sbt.Compiler$.apply(Compiler.scala:98)
	at play.scalasupport.compiler.PlayScalaCompiler.update(ScalaCompiler.scala:55)
	at play.scalasupport.ScalaPlugin.update(ScalaPlugin.scala:201)
	at play.scalasupport.ScalaPlugin.compileSources(ScalaPlugin.scala:102)
	at play.plugins.PluginCollection.compileSources(PluginCollection.java:349)
	at play.classloading.ApplicationClassloader.getAllClasses(ApplicationClassloader.java:397)
	at play.Play.preCompile(Play.java:563)
	at play.Play.init(Play.java:291)
	at play.server.Server.main(Server.java:158)
~        _            _ 
~  _ __ | | __ _ _  _| |
~ | '_ \| |/ _' | || |_|
~ |  __/|_|\____|\__ (_)
~ |_|            |__/   
~
~ play! 1.2.x, http://www.playframework.org
~

